<?xml version="1.0" encoding="UTF-8"?>
<!-- Generated by org.testng.reporters.JUnitReportReporter -->
<testsuite skipped="0" hostname="merves-MacBook-Pro.local" name="com.prestashop.tests.PositiveScenarios" tests="1" failures="0" timestamp="22 Jun 2018 14:52:15 GMT" time="36.690" errors="0">
  <testcase name="loginClick" time="36.690" classname="com.prestashop.tests.PositiveScenarios"/>
</testsuite> <!-- com.prestashop.tests.PositiveScenarios -->
