<?xml version="1.0" encoding="UTF-8"?>
<!-- Generated by org.testng.reporters.JUnitReportReporter -->
<testsuite skipped="0" hostname="merves-MacBook-Pro.local" name="com.prestashop.tests.PositiveScenarios" tests="1" failures="0" timestamp="21 Jun 2018 21:01:17 GMT" time="30.703" errors="0">
  <testcase name="loginClick" time="30.703" classname="com.prestashop.tests.PositiveScenarios"/>
</testsuite> <!-- com.prestashop.tests.PositiveScenarios -->
