<?xml version="1.0" encoding="UTF-8"?>
<!-- Generated by org.testng.reporters.JUnitReportReporter -->
<testsuite skipped="0" hostname="merves-MacBook-Pro.local" name="com.prestashop.tests.NegativeScenarios" tests="1" failures="0" timestamp="20 Jun 2018 17:30:25 GMT" time="5.454" errors="0">
  <testcase name="blankPassword" time="5.454" classname="com.prestashop.tests.NegativeScenarios"/>
</testsuite> <!-- com.prestashop.tests.NegativeScenarios -->
